  ConfigurationForm.cpp
C:\Users\olale\Downloads\IWSK\IWSK2\RS232Client\TokenizerService.h(22,11): warning C4570: 'Tokenizer': is not explicitly declared as abstract but has abstract functions
C:\Users\olale\Downloads\IWSK\IWSK2\RS232Client\TokenizerService.h(22,11): message : 'System::String ^Tokenizer::getContentToSend(void)': is abstract
C:\Users\olale\Downloads\IWSK\IWSK2\RS232Client\TokenizerService.h(27): message : see declaration of 'Tokenizer::getContentToSend'
C:\Users\olale\Downloads\IWSK\IWSK2\RS232Client\TokenizerService.h(22,11): message : 'EditMode Tokenizer::getEditMode(void)': is abstract
C:\Users\olale\Downloads\IWSK\IWSK2\RS232Client\TokenizerService.h(28): message : see declaration of 'Tokenizer::getEditMode'
C:\Users\olale\Downloads\IWSK\IWSK2\RS232Client\ConfigurationForm.h(53,53): warning C4677: 'portConfiguration': signature of non-private member contains assembly private type 'CustomPortConfiguration'
C:\Users\olale\Downloads\IWSK\IWSK2\RS232Client\Endpoint.h(7): message : see declaration of 'CustomPortConfiguration'
C:\Users\olale\Downloads\IWSK\IWSK2\RS232Client\ConfigurationForm.h(671,45): warning C4566: character represented by universal-character-name '\u017C' cannot be represented in the current code page (1252)
C:\Users\olale\Downloads\IWSK\IWSK2\RS232Client\ConfigurationForm.h(671,45): warning C4566: character represented by universal-character-name '\u0105' cannot be represented in the current code page (1252)
C:\Users\olale\Downloads\IWSK\IWSK2\RS232Client\ConfigurationForm.h(671,45): warning C4566: character represented by universal-character-name '\u0107' cannot be represented in the current code page (1252)
C:\Users\olale\Downloads\IWSK\IWSK2\RS232Client\ConfigurationForm.h(671,45): warning C4566: character represented by universal-character-name '\u0142' cannot be represented in the current code page (1252)
C:\Users\olale\Downloads\IWSK\IWSK2\RS232Client\ConfigurationForm.h(671,103): warning C4566: character represented by universal-character-name '\u0142' cannot be represented in the current code page (1252)
C:\Users\olale\Downloads\IWSK\IWSK2\RS232Client\ConfigurationForm.h(671,103): warning C4566: character represented by universal-character-name '\u0105' cannot be represented in the current code page (1252)
C:\Users\olale\Downloads\IWSK\IWSK2\RS232Client\ConfigurationForm.h(691,124): warning C4566: character represented by universal-character-name '\u0142' cannot be represented in the current code page (1252)
C:\Users\olale\Downloads\IWSK\IWSK2\RS232Client\ConfigurationForm.h(691,124): warning C4566: character represented by universal-character-name '\u0105' cannot be represented in the current code page (1252)
C:\Users\olale\Downloads\IWSK\IWSK2\RS232Client\ConfigurationForm.h(704,124): warning C4566: character represented by universal-character-name '\u0142' cannot be represented in the current code page (1252)
C:\Users\olale\Downloads\IWSK\IWSK2\RS232Client\ConfigurationForm.h(704,124): warning C4566: character represented by universal-character-name '\u0105' cannot be represented in the current code page (1252)
C:\Users\olale\Downloads\IWSK\IWSK2\RS232Client\ConfigurationForm.h(609,1): warning C4965: implicit box of integer 0; use nullptr or explicit cast
C:\Users\olale\Downloads\IWSK\IWSK2\RS232Client\ConfigurationForm.h(650,1): warning C4965: implicit box of integer 0; use nullptr or explicit cast
  CppCLR_WinformsProjekt.cpp
C:\Users\olale\Downloads\IWSK\IWSK2\RS232Client\TokenizerService.h(22,11): warning C4570: 'Tokenizer': is not explicitly declared as abstract but has abstract functions
C:\Users\olale\Downloads\IWSK\IWSK2\RS232Client\TokenizerService.h(22,11): message : 'System::String ^Tokenizer::getContentToSend(void)': is abstract
C:\Users\olale\Downloads\IWSK\IWSK2\RS232Client\TokenizerService.h(27): message : see declaration of 'Tokenizer::getContentToSend'
C:\Users\olale\Downloads\IWSK\IWSK2\RS232Client\TokenizerService.h(22,11): message : 'EditMode Tokenizer::getEditMode(void)': is abstract
C:\Users\olale\Downloads\IWSK\IWSK2\RS232Client\TokenizerService.h(28): message : see declaration of 'Tokenizer::getEditMode'
C:\Users\olale\Downloads\IWSK\IWSK2\RS232Client\ConfigurationForm.h(53,53): warning C4677: 'portConfiguration': signature of non-private member contains assembly private type 'CustomPortConfiguration'
C:\Users\olale\Downloads\IWSK\IWSK2\RS232Client\Endpoint.h(7): message : see declaration of 'CustomPortConfiguration'
C:\Users\olale\Downloads\IWSK\IWSK2\RS232Client\ConfigurationForm.h(671,45): warning C4566: character represented by universal-character-name '\u017C' cannot be represented in the current code page (1252)
C:\Users\olale\Downloads\IWSK\IWSK2\RS232Client\ConfigurationForm.h(671,45): warning C4566: character represented by universal-character-name '\u0105' cannot be represented in the current code page (1252)
C:\Users\olale\Downloads\IWSK\IWSK2\RS232Client\ConfigurationForm.h(671,45): warning C4566: character represented by universal-character-name '\u0107' cannot be represented in the current code page (1252)
C:\Users\olale\Downloads\IWSK\IWSK2\RS232Client\ConfigurationForm.h(671,45): warning C4566: character represented by universal-character-name '\u0142' cannot be represented in the current code page (1252)
C:\Users\olale\Downloads\IWSK\IWSK2\RS232Client\ConfigurationForm.h(671,103): warning C4566: character represented by universal-character-name '\u0142' cannot be represented in the current code page (1252)
C:\Users\olale\Downloads\IWSK\IWSK2\RS232Client\ConfigurationForm.h(671,103): warning C4566: character represented by universal-character-name '\u0105' cannot be represented in the current code page (1252)
C:\Users\olale\Downloads\IWSK\IWSK2\RS232Client\ConfigurationForm.h(691,124): warning C4566: character represented by universal-character-name '\u0142' cannot be represented in the current code page (1252)
C:\Users\olale\Downloads\IWSK\IWSK2\RS232Client\ConfigurationForm.h(691,124): warning C4566: character represented by universal-character-name '\u0105' cannot be represented in the current code page (1252)
C:\Users\olale\Downloads\IWSK\IWSK2\RS232Client\ConfigurationForm.h(704,124): warning C4566: character represented by universal-character-name '\u0142' cannot be represented in the current code page (1252)
C:\Users\olale\Downloads\IWSK\IWSK2\RS232Client\ConfigurationForm.h(704,124): warning C4566: character represented by universal-character-name '\u0105' cannot be represented in the current code page (1252)
C:\Users\olale\Downloads\IWSK\IWSK2\RS232Client\ConfigurationForm.h(609,1): warning C4965: implicit box of integer 0; use nullptr or explicit cast
C:\Users\olale\Downloads\IWSK\IWSK2\RS232Client\ConfigurationForm.h(650,1): warning C4965: implicit box of integer 0; use nullptr or explicit cast
  Endpoint.cpp
C:\Users\olale\Downloads\IWSK\IWSK2\RS232Client\TokenizerService.h(22,11): warning C4570: 'Tokenizer': is not explicitly declared as abstract but has abstract functions
C:\Users\olale\Downloads\IWSK\IWSK2\RS232Client\TokenizerService.h(22,11): message : 'System::String ^Tokenizer::getContentToSend(void)': is abstract
C:\Users\olale\Downloads\IWSK\IWSK2\RS232Client\TokenizerService.h(27): message : see declaration of 'Tokenizer::getContentToSend'
C:\Users\olale\Downloads\IWSK\IWSK2\RS232Client\TokenizerService.h(22,11): message : 'EditMode Tokenizer::getEditMode(void)': is abstract
C:\Users\olale\Downloads\IWSK\IWSK2\RS232Client\TokenizerService.h(28): message : see declaration of 'Tokenizer::getEditMode'
C:\Users\olale\Downloads\IWSK\IWSK2\RS232Client\ConfigurationForm.h(53,53): warning C4677: 'portConfiguration': signature of non-private member contains assembly private type 'CustomPortConfiguration'
C:\Users\olale\Downloads\IWSK\IWSK2\RS232Client\Endpoint.h(7): message : see declaration of 'CustomPortConfiguration'
C:\Users\olale\Downloads\IWSK\IWSK2\RS232Client\ConfigurationForm.h(671,45): warning C4566: character represented by universal-character-name '\u017C' cannot be represented in the current code page (1252)
C:\Users\olale\Downloads\IWSK\IWSK2\RS232Client\ConfigurationForm.h(671,45): warning C4566: character represented by universal-character-name '\u0105' cannot be represented in the current code page (1252)
C:\Users\olale\Downloads\IWSK\IWSK2\RS232Client\ConfigurationForm.h(671,45): warning C4566: character represented by universal-character-name '\u0107' cannot be represented in the current code page (1252)
C:\Users\olale\Downloads\IWSK\IWSK2\RS232Client\ConfigurationForm.h(671,45): warning C4566: character represented by universal-character-name '\u0142' cannot be represented in the current code page (1252)
C:\Users\olale\Downloads\IWSK\IWSK2\RS232Client\ConfigurationForm.h(671,103): warning C4566: character represented by universal-character-name '\u0142' cannot be represented in the current code page (1252)
C:\Users\olale\Downloads\IWSK\IWSK2\RS232Client\ConfigurationForm.h(671,103): warning C4566: character represented by universal-character-name '\u0105' cannot be represented in the current code page (1252)
C:\Users\olale\Downloads\IWSK\IWSK2\RS232Client\ConfigurationForm.h(691,124): warning C4566: character represented by universal-character-name '\u0142' cannot be represented in the current code page (1252)
C:\Users\olale\Downloads\IWSK\IWSK2\RS232Client\ConfigurationForm.h(691,124): warning C4566: character represented by universal-character-name '\u0105' cannot be represented in the current code page (1252)
C:\Users\olale\Downloads\IWSK\IWSK2\RS232Client\ConfigurationForm.h(704,124): warning C4566: character represented by universal-character-name '\u0142' cannot be represented in the current code page (1252)
C:\Users\olale\Downloads\IWSK\IWSK2\RS232Client\ConfigurationForm.h(704,124): warning C4566: character represented by universal-character-name '\u0105' cannot be represented in the current code page (1252)
C:\Users\olale\Downloads\IWSK\IWSK2\RS232Client\ConfigurationForm.h(609,1): warning C4965: implicit box of integer 0; use nullptr or explicit cast
C:\Users\olale\Downloads\IWSK\IWSK2\RS232Client\ConfigurationForm.h(650,1): warning C4965: implicit box of integer 0; use nullptr or explicit cast
  SerialPortManager.cpp
C:\Users\olale\Downloads\IWSK\IWSK2\RS232Client\TokenizerService.h(22,11): warning C4570: 'Tokenizer': is not explicitly declared as abstract but has abstract functions
C:\Users\olale\Downloads\IWSK\IWSK2\RS232Client\TokenizerService.h(22,11): message : 'System::String ^Tokenizer::getContentToSend(void)': is abstract
C:\Users\olale\Downloads\IWSK\IWSK2\RS232Client\TokenizerService.h(27): message : see declaration of 'Tokenizer::getContentToSend'
C:\Users\olale\Downloads\IWSK\IWSK2\RS232Client\TokenizerService.h(22,11): message : 'EditMode Tokenizer::getEditMode(void)': is abstract
C:\Users\olale\Downloads\IWSK\IWSK2\RS232Client\TokenizerService.h(28): message : see declaration of 'Tokenizer::getEditMode'
C:\Users\olale\Downloads\IWSK\IWSK2\RS232Client\ConfigurationForm.h(53,53): warning C4677: 'portConfiguration': signature of non-private member contains assembly private type 'CustomPortConfiguration'
C:\Users\olale\Downloads\IWSK\IWSK2\RS232Client\Endpoint.h(7): message : see declaration of 'CustomPortConfiguration'
C:\Users\olale\Downloads\IWSK\IWSK2\RS232Client\ConfigurationForm.h(671,45): warning C4566: character represented by universal-character-name '\u017C' cannot be represented in the current code page (1252)
C:\Users\olale\Downloads\IWSK\IWSK2\RS232Client\ConfigurationForm.h(671,45): warning C4566: character represented by universal-character-name '\u0105' cannot be represented in the current code page (1252)
C:\Users\olale\Downloads\IWSK\IWSK2\RS232Client\ConfigurationForm.h(671,45): warning C4566: character represented by universal-character-name '\u0107' cannot be represented in the current code page (1252)
C:\Users\olale\Downloads\IWSK\IWSK2\RS232Client\ConfigurationForm.h(671,45): warning C4566: character represented by universal-character-name '\u0142' cannot be represented in the current code page (1252)
C:\Users\olale\Downloads\IWSK\IWSK2\RS232Client\ConfigurationForm.h(671,103): warning C4566: character represented by universal-character-name '\u0142' cannot be represented in the current code page (1252)
C:\Users\olale\Downloads\IWSK\IWSK2\RS232Client\ConfigurationForm.h(671,103): warning C4566: character represented by universal-character-name '\u0105' cannot be represented in the current code page (1252)
C:\Users\olale\Downloads\IWSK\IWSK2\RS232Client\ConfigurationForm.h(691,124): warning C4566: character represented by universal-character-name '\u0142' cannot be represented in the current code page (1252)
C:\Users\olale\Downloads\IWSK\IWSK2\RS232Client\ConfigurationForm.h(691,124): warning C4566: character represented by universal-character-name '\u0105' cannot be represented in the current code page (1252)
C:\Users\olale\Downloads\IWSK\IWSK2\RS232Client\ConfigurationForm.h(704,124): warning C4566: character represented by universal-character-name '\u0142' cannot be represented in the current code page (1252)
C:\Users\olale\Downloads\IWSK\IWSK2\RS232Client\ConfigurationForm.h(704,124): warning C4566: character represented by universal-character-name '\u0105' cannot be represented in the current code page (1252)
C:\Users\olale\Downloads\IWSK\IWSK2\RS232Client\ConfigurationForm.h(609,1): warning C4965: implicit box of integer 0; use nullptr or explicit cast
C:\Users\olale\Downloads\IWSK\IWSK2\RS232Client\ConfigurationForm.h(650,1): warning C4965: implicit box of integer 0; use nullptr or explicit cast
C:\Users\olale\Downloads\IWSK\IWSK2\RS232Client\SerialPortManager.cpp(131,76): warning C4566: character represented by universal-character-name '\u0142' cannot be represented in the current code page (1252)
C:\Users\olale\Downloads\IWSK\IWSK2\RS232Client\SerialPortManager.cpp(131,76): warning C4566: character represented by universal-character-name '\u0105' cannot be represented in the current code page (1252)
C:\Users\olale\Downloads\IWSK\IWSK2\RS232Client\SerialPortManager.cpp(138,86): warning C4566: character represented by universal-character-name '\u0142' cannot be represented in the current code page (1252)
C:\Users\olale\Downloads\IWSK\IWSK2\RS232Client\SerialPortManager.cpp(138,86): warning C4566: character represented by universal-character-name '\u0105' cannot be represented in the current code page (1252)
C:\Users\olale\Downloads\IWSK\IWSK2\RS232Client\SerialPortManager.cpp(163,34): warning C4553: '==': result of expression not used; did you intend '='?
  Generating Code...
C:\Users\olale\Downloads\IWSK\IWSK2\RS232Client\SerialPortManager.cpp(99): warning C4715: 'SerialPortManager::readSerialPort': not all control paths return a value
  AssemblyInfo.obj : MSIL module encountered; incremental linking is disabled for MSIL; performing full link
  RS232Client.vcxproj -> C:\Users\olale\Downloads\IWSK\IWSK2\x64\Debug\RS232Client.exe
